Build started 2/12/2015 9:39:06 PM.
     1>Project "E:\Semester 2\OOD\OOD_Project1\Executive\Executive.vcxproj" on node 3 (Rebuild target(s)).
     1>ClCompile:
         C:\Program Files (x86)\Microsoft Visual Studio 12.0\VC\bin\CL.exe /c /ZI /nologo /W3 /WX- /sdl /Od /Oy- /D WIN32 /D _DEBUG /D _CONSOLE /D _LIB /D _UNICODE /D UNICODE /D TEST_EXECUTIVE /Gm /EHsc /RTC1 /MDd /GS /fp:precise /Zc:wchar_t /Zc:forScope /Fo"Debug\\" /Fd"Debug\vc120.pdb" /Gd /TP /analyze- /errorReport:prompt ..\Cataloger\Cataloger.cpp ..\DataStore\DataStore.cpp ..\Display\Display.cpp ..\FileMgr\FileMgr.cpp ..\FileSystem\FileSystem.cpp Executive.cpp
         Executive.cpp
         FileSystem.cpp
         FileMgr.cpp
         Display.cpp
         DataStore.cpp
         Cataloger.cpp
         Generating Code...
       Link:
         C:\Program Files (x86)\Microsoft Visual Studio 12.0\VC\bin\link.exe /ERRORREPORT:PROMPT /OUT:"E:\Semester 2\OOD\OOD_Project1\Debug\Executive.exe" /INCREMENTAL /NOLOGO kernel32.lib user32.lib gdi32.lib winspool.lib comdlg32.lib advapi32.lib shell32.lib ole32.lib oleaut32.lib uuid.lib odbc32.lib odbccp32.lib /MANIFEST /MANIFESTUAC:"level='asInvoker' uiAccess='false'" /manifest:embed /DEBUG /PDB:"E:\Semester 2\OOD\OOD_Project1\Debug\Executive.pdb" /SUBSYSTEM:CONSOLE /TLBID:1 /DYNAMICBASE /NXCOMPAT /IMPLIB:"E:\Semester 2\OOD\OOD_Project1\Debug\Executive.lib" /MACHINE:X86 Debug\Cataloger.obj
         Debug\DataStore.obj
         Debug\Display.obj
         Debug\FileMgr.obj
         Debug\FileSystem.obj
         Debug\Executive.obj
         Executive.vcxproj -> E:\Semester 2\OOD\OOD_Project1\Debug\Executive.exe
     1>Done Building Project "E:\Semester 2\OOD\OOD_Project1\Executive\Executive.vcxproj" (Rebuild target(s)).

Build succeeded.

Time Elapsed 00:00:06.92
